<?xml version="1.0" encoding="UTF-8"?>
<!-- Generated by org.testng.reporters.JUnitReportReporter -->
<testsuite skipped="0" hostname="DESKTOP-JG0VHMN" name="mavetest.MavDataProvider" tests="2" failures="0" timestamp="2020-06-16T09:15:02 IST" time="12.754" errors="0">
  <testcase name="f" time="5.152" classname="mavetest.MavDataProvider"/>
  <system-out/>
  <testcase name="f" time="7.602" classname="mavetest.MavDataProvider"/>
  <system-out/>
</testsuite> <!-- mavetest.MavDataProvider -->
